<?xml version="1.0" encoding="UTF-8"?>
<!-- Generated by org.testng.reporters.JUnitReportReporter -->
<testsuite skipped="0" hostname="Amandas-MacBook-Pro.local" name="Tests.HomePageTests" tests="5" failures="0" timestamp="16 Mar 2017 13:29:57 GMT" time="84.716" errors="0">
  <testcase name="NavigateToFan" time="19.063" classname="Tests.HomePageTests"/>
  <testcase name="NavigateToComm" time="14.896" classname="Tests.HomePageTests"/>
  <testcase name="AddAFan" time="16.240" classname="Tests.HomePageTests"/>
  <testcase name="MyAcctDrop" time="13.848" classname="Tests.HomePageTests"/>
  <testcase name="NavigateToSG" time="20.669" classname="Tests.HomePageTests"/>
</testsuite> <!-- Tests.HomePageTests -->
