<?xml version="1.0" encoding="UTF-8"?>
<!-- Generated by org.testng.reporters.JUnitReportReporter -->
<testsuite skipped="0" hostname="Amandas-MacBook-Pro.local" name="Tests.SGPageTests" tests="1" failures="0" timestamp="16 Mar 2017 13:43:09 GMT" time="26.216" errors="0">
  <testcase name="AcctRepSG" time="26.216" classname="Tests.SGPageTests"/>
</testsuite> <!-- Tests.SGPageTests -->
